usage: celery <command> [options] 

Show help screen and exit.

positional arguments:
  args

optional arguments:
  -h, --help            show this help message and exit
  --version             show program's version number and exit

Global Options:
  -A APP, --app APP
  -b BROKER, --broker BROKER
  --result-backend RESULT_BACKEND
  --loader LOADER
  --config CONFIG
  --workdir WORKDIR
  --no-color, -C
  --quiet, -q
updating insta user data ..
{'id_number': '1771655914', 'username': 'udtbro', 'fullname': 'YouTube α„†α…µα„‰α…§α†«α„‘α…΅α„‰α…¥α„‡α…³α†―π”±', 'biograghy': 'AGENT H.', 'profilepic_url': 'https://scontent-ssn1-1.cdninstagram.com/v/t51.2885-19/s320x320/115911779_214291669897138_1604702932003545089_n.jpg?_nc_ht=scontent-ssn1-1.cdninstagram.com&_nc_ohc=nmoCbmnBBLEAX_V12T4&oh=8d9adb2450176f10f95ad2f697d4b590&oe=5F52727A', 'external_url': 'http://missionpossible.kr/', 'number_published': 40, 'number_followers': 130604, 'is_private': False, 'is_verified': False}
updating insta user data ..
{'id_number': '1441128302', 'username': 'art2ist', 'fullname': 'μƒλ²½', 'biograghy': 'graphic designer / jw', 'profilepic_url': 'https://scontent-ssn1-1.cdninstagram.com/v/t51.2885-19/s320x320/83952799_183894236029079_6656546383576694784_n.jpg?_nc_ht=scontent-ssn1-1.cdninstagram.com&_nc_ohc=oiKdOKqvcwUAX-nBiDX&oh=2afd70d26cbb94489ffad346db86bcce&oe=5F53C574', 'external_url': None, 'number_published': 72, 'number_followers': 556, 'is_private': True, 'is_verified': False}
updating insta user data ..
{'id_number': '10868601732', 'username': 'physical_gallery_egg', 'fullname': 'κΉ€κ³„λ€', 'biograghy': 'DMμ€ ν™•μΈν•μ§€ μ•μµλ‹λ‹¤ π­\nλΉ΅ν…μ… κµ¬λ§¤λ§ν¬', 'profilepic_url': 'https://scontent-ssn1-1.cdninstagram.com/v/t51.2885-19/s320x320/61544151_315648272723002_3430657977252577280_n.jpg?_nc_ht=scontent-ssn1-1.cdninstagram.com&_nc_ohc=OlrD8xjeUeYAX-gkb4P&oh=4b9b3573a436de49cf74637ff03c7380&oe=5F5355D9', 'external_url': 'http://bbak.kr/', 'number_published': 339, 'number_followers': 280329, 'is_private': False, 'is_verified': False}
updating insta user data ..
{'id_number': '196378455', 'username': 'xxxibgdrgn', 'fullname': 'α„€α…―α†«α„α…µα„‹α…­α†Ό(ζ¬εΏ—ιΎ)', 'biograghy': '', 'profilepic_url': 'https://scontent-ssn1-1.cdninstagram.com/v/t51.2885-19/s320x320/18950263_324780477958081_3378561527190650880_a.jpg?_nc_ht=scontent-ssn1-1.cdninstagram.com&_nc_ohc=U-DuvYn24ZkAX8qgY6G&oh=8680b7bfb2d110fd34033061bf32f3c2&oe=5F53AB33', 'external_url': None, 'number_published': 2529, 'number_followers': 18472549, 'is_private': False, 'is_verified': True}
updating !! ..
updating insta user data ..
{'id_number': '1771655914', 'username': 'udtbro', 'fullname': 'YouTube α„†α…µα„‰α…§α†«α„‘α…΅α„‰α…¥α„‡α…³α†―π”±', 'biograghy': 'AGENT H.', 'profilepic_url': 'https://scontent-ssn1-1.cdninstagram.com/v/t51.2885-19/s320x320/115911779_214291669897138_1604702932003545089_n.jpg?_nc_ht=scontent-ssn1-1.cdninstagram.com&_nc_ohc=nmoCbmnBBLEAX_V12T4&oh=8d9adb2450176f10f95ad2f697d4b590&oe=5F52727A', 'external_url': 'http://missionpossible.kr/', 'number_published': 40, 'number_followers': 130605, 'is_private': False, 'is_verified': False}
updating insta user data ..
{'id_number': '1441128302', 'username': 'art2ist', 'fullname': 'μƒλ²½', 'biograghy': 'graphic designer / jw', 'profilepic_url': 'https://scontent-ssn1-1.cdninstagram.com/v/t51.2885-19/s320x320/83952799_183894236029079_6656546383576694784_n.jpg?_nc_ht=scontent-ssn1-1.cdninstagram.com&_nc_ohc=oiKdOKqvcwUAX-nBiDX&oh=2afd70d26cbb94489ffad346db86bcce&oe=5F53C574', 'external_url': None, 'number_published': 72, 'number_followers': 556, 'is_private': True, 'is_verified': False}
updating insta user data ..
{'id_number': '10868601732', 'username': 'physical_gallery_egg', 'fullname': 'κΉ€κ³„λ€', 'biograghy': 'DMμ€ ν™•μΈν•μ§€ μ•μµλ‹λ‹¤ π­\nλΉ΅ν…μ… κµ¬λ§¤λ§ν¬', 'profilepic_url': 'https://scontent-ssn1-1.cdninstagram.com/v/t51.2885-19/s320x320/61544151_315648272723002_3430657977252577280_n.jpg?_nc_ht=scontent-ssn1-1.cdninstagram.com&_nc_ohc=OlrD8xjeUeYAX-gkb4P&oh=4b9b3573a436de49cf74637ff03c7380&oe=5F5355D9', 'external_url': 'http://bbak.kr/', 'number_published': 339, 'number_followers': 280329, 'is_private': False, 'is_verified': False}
updating insta user data ..
{'id_number': '196378455', 'username': 'xxxibgdrgn', 'fullname': 'α„€α…―α†«α„α…µα„‹α…­α†Ό(ζ¬εΏ—ιΎ)', 'biograghy': '', 'profilepic_url': 'https://scontent-ssn1-1.cdninstagram.com/v/t51.2885-19/s320x320/18950263_324780477958081_3378561527190650880_a.jpg?_nc_ht=scontent-ssn1-1.cdninstagram.com&_nc_ohc=U-DuvYn24ZkAX8qgY6G&oh=8680b7bfb2d110fd34033061bf32f3c2&oe=5F53AB33', 'external_url': None, 'number_published': 2529, 'number_followers': 18472550, 'is_private': False, 'is_verified': True}
updating !! ..
updating insta user data ..
{'id_number': '1771655914', 'username': 'udtbro', 'fullname': 'YouTube α„†α…µα„‰α…§α†«α„‘α…΅α„‰α…¥α„‡α…³α†―π”±', 'biograghy': 'AGENT H.', 'profilepic_url': 'https://scontent-ssn1-1.cdninstagram.com/v/t51.2885-19/s320x320/115911779_214291669897138_1604702932003545089_n.jpg?_nc_ht=scontent-ssn1-1.cdninstagram.com&_nc_ohc=nmoCbmnBBLEAX_V12T4&oh=8d9adb2450176f10f95ad2f697d4b590&oe=5F52727A', 'external_url': 'http://missionpossible.kr/', 'number_published': 40, 'number_followers': 130606, 'is_private': False, 'is_verified': False}
updating insta user data ..
{'id_number': '1441128302', 'username': 'art2ist', 'fullname': 'μƒλ²½', 'biograghy': 'graphic designer / jw', 'profilepic_url': 'https://scontent-ssn1-1.cdninstagram.com/v/t51.2885-19/s320x320/83952799_183894236029079_6656546383576694784_n.jpg?_nc_ht=scontent-ssn1-1.cdninstagram.com&_nc_ohc=oiKdOKqvcwUAX-nBiDX&oh=2afd70d26cbb94489ffad346db86bcce&oe=5F53C574', 'external_url': None, 'number_published': 72, 'number_followers': 556, 'is_private': True, 'is_verified': False}
updating insta user data ..
{'id_number': '10868601732', 'username': 'physical_gallery_egg', 'fullname': 'κΉ€κ³„λ€', 'biograghy': 'DMμ€ ν™•μΈν•μ§€ μ•μµλ‹λ‹¤ π­\nλΉ΅ν…μ… κµ¬λ§¤λ§ν¬', 'profilepic_url': 'https://scontent-ssn1-1.cdninstagram.com/v/t51.2885-19/s320x320/61544151_315648272723002_3430657977252577280_n.jpg?_nc_ht=scontent-ssn1-1.cdninstagram.com&_nc_ohc=OlrD8xjeUeYAX-gkb4P&oh=4b9b3573a436de49cf74637ff03c7380&oe=5F5355D9', 'external_url': 'http://bbak.kr/', 'number_published': 339, 'number_followers': 280329, 'is_private': False, 'is_verified': False}
updating insta user data ..
{'id_number': '196378455', 'username': 'xxxibgdrgn', 'fullname': 'α„€α…―α†«α„α…µα„‹α…­α†Ό(ζ¬εΏ—ιΎ)', 'biograghy': '', 'profilepic_url': 'https://scontent-ssn1-1.cdninstagram.com/v/t51.2885-19/s320x320/18950263_324780477958081_3378561527190650880_a.jpg?_nc_ht=scontent-ssn1-1.cdninstagram.com&_nc_ohc=U-DuvYn24ZkAX8qgY6G&oh=8680b7bfb2d110fd34033061bf32f3c2&oe=5F53AB33', 'external_url': None, 'number_published': 2529, 'number_followers': 18472553, 'is_private': False, 'is_verified': True}
updating !! ..
updating insta user data ..
{'id_number': '1771655914', 'username': 'udtbro', 'fullname': 'YouTube α„†α…µα„‰α…§α†«α„‘α…΅α„‰α…¥α„‡α…³α†―π”±', 'biograghy': 'AGENT H.', 'profilepic_url': 'https://scontent-ssn1-1.cdninstagram.com/v/t51.2885-19/s320x320/115911779_214291669897138_1604702932003545089_n.jpg?_nc_ht=scontent-ssn1-1.cdninstagram.com&_nc_ohc=nmoCbmnBBLEAX_V12T4&oh=8d9adb2450176f10f95ad2f697d4b590&oe=5F52727A', 'external_url': 'http://missionpossible.kr/', 'number_published': 40, 'number_followers': 130606, 'is_private': False, 'is_verified': False}
updating insta user data ..
{'id_number': '1441128302', 'username': 'art2ist', 'fullname': 'μƒλ²½', 'biograghy': 'graphic designer / jw', 'profilepic_url': 'https://scontent-ssn1-1.cdninstagram.com/v/t51.2885-19/s320x320/83952799_183894236029079_6656546383576694784_n.jpg?_nc_ht=scontent-ssn1-1.cdninstagram.com&_nc_ohc=oiKdOKqvcwUAX-nBiDX&oh=2afd70d26cbb94489ffad346db86bcce&oe=5F53C574', 'external_url': None, 'number_published': 72, 'number_followers': 556, 'is_private': True, 'is_verified': False}
updating insta user data ..
{'id_number': '10868601732', 'username': 'physical_gallery_egg', 'fullname': 'κΉ€κ³„λ€', 'biograghy': 'DMμ€ ν™•μΈν•μ§€ μ•μµλ‹λ‹¤ π­\nλΉ΅ν…μ… κµ¬λ§¤λ§ν¬', 'profilepic_url': 'https://scontent-ssn1-1.cdninstagram.com/v/t51.2885-19/s320x320/61544151_315648272723002_3430657977252577280_n.jpg?_nc_ht=scontent-ssn1-1.cdninstagram.com&_nc_ohc=OlrD8xjeUeYAX-gkb4P&oh=4b9b3573a436de49cf74637ff03c7380&oe=5F5355D9', 'external_url': 'http://bbak.kr/', 'number_published': 339, 'number_followers': 280330, 'is_private': False, 'is_verified': False}
updating insta user data ..
{'id_number': '196378455', 'username': 'xxxibgdrgn', 'fullname': 'α„€α…―α†«α„α…µα„‹α…­α†Ό(ζ¬εΏ—ιΎ)', 'biograghy': '', 'profilepic_url': 'https://scontent-ssn1-1.cdninstagram.com/v/t51.2885-19/s320x320/18950263_324780477958081_3378561527190650880_a.jpg?_nc_ht=scontent-ssn1-1.cdninstagram.com&_nc_ohc=U-DuvYn24ZkAX8qgY6G&oh=8680b7bfb2d110fd34033061bf32f3c2&oe=5F53AB33', 'external_url': None, 'number_published': 2529, 'number_followers': 18472557, 'is_private': False, 'is_verified': True}
updating !! ..
updating insta user data ..
{'id_number': '1771655914', 'username': 'udtbro', 'fullname': 'YouTube α„†α…µα„‰α…§α†«α„‘α…΅α„‰α…¥α„‡α…³α†―π”±', 'biograghy': 'AGENT H.', 'profilepic_url': 'https://scontent-ssn1-1.cdninstagram.com/v/t51.2885-19/s320x320/115911779_214291669897138_1604702932003545089_n.jpg?_nc_ht=scontent-ssn1-1.cdninstagram.com&_nc_ohc=nmoCbmnBBLEAX_V12T4&oh=8d9adb2450176f10f95ad2f697d4b590&oe=5F52727A', 'external_url': 'http://missionpossible.kr/', 'number_published': 40, 'number_followers': 130606, 'is_private': False, 'is_verified': False}
updating insta user data ..
{'id_number': '1441128302', 'username': 'art2ist', 'fullname': 'μƒλ²½', 'biograghy': 'graphic designer / jw', 'profilepic_url': 'https://scontent-ssn1-1.cdninstagram.com/v/t51.2885-19/s320x320/83952799_183894236029079_6656546383576694784_n.jpg?_nc_ht=scontent-ssn1-1.cdninstagram.com&_nc_ohc=oiKdOKqvcwUAX-nBiDX&oh=2afd70d26cbb94489ffad346db86bcce&oe=5F53C574', 'external_url': None, 'number_published': 72, 'number_followers': 556, 'is_private': True, 'is_verified': False}
updating insta user data ..
{'id_number': '10868601732', 'username': 'physical_gallery_egg', 'fullname': 'κΉ€κ³„λ€', 'biograghy': 'DMμ€ ν™•μΈν•μ§€ μ•μµλ‹λ‹¤ π­\nλΉ΅ν…μ… κµ¬λ§¤λ§ν¬', 'profilepic_url': 'https://scontent-ssn1-1.cdninstagram.com/v/t51.2885-19/s320x320/61544151_315648272723002_3430657977252577280_n.jpg?_nc_ht=scontent-ssn1-1.cdninstagram.com&_nc_ohc=OlrD8xjeUeYAX-gkb4P&oh=4b9b3573a436de49cf74637ff03c7380&oe=5F5355D9', 'external_url': 'http://bbak.kr/', 'number_published': 339, 'number_followers': 280330, 'is_private': False, 'is_verified': False}
updating insta user data ..
{'id_number': '196378455', 'username': 'xxxibgdrgn', 'fullname': 'α„€α…―α†«α„α…µα„‹α…­α†Ό(ζ¬εΏ—ιΎ)', 'biograghy': '', 'profilepic_url': 'https://scontent-ssn1-1.cdninstagram.com/v/t51.2885-19/s320x320/18950263_324780477958081_3378561527190650880_a.jpg?_nc_ht=scontent-ssn1-1.cdninstagram.com&_nc_ohc=U-DuvYn24ZkAX8qgY6G&oh=8680b7bfb2d110fd34033061bf32f3c2&oe=5F53AB33', 'external_url': None, 'number_published': 2529, 'number_followers': 18472559, 'is_private': False, 'is_verified': True}
updating !! ..
updating insta user data ..
{'id_number': '1771655914', 'username': 'udtbro', 'fullname': 'YouTube α„†α…µα„‰α…§α†«α„‘α…΅α„‰α…¥α„‡α…³α†―π”±', 'biograghy': 'AGENT H.', 'profilepic_url': 'https://scontent-ssn1-1.cdninstagram.com/v/t51.2885-19/s320x320/115911779_214291669897138_1604702932003545089_n.jpg?_nc_ht=scontent-ssn1-1.cdninstagram.com&_nc_ohc=nmoCbmnBBLEAX_V12T4&oh=8d9adb2450176f10f95ad2f697d4b590&oe=5F52727A', 'external_url': 'http://missionpossible.kr/', 'number_published': 40, 'number_followers': 130607, 'is_private': False, 'is_verified': False}
updating insta user data ..
{'id_number': '1441128302', 'username': 'art2ist', 'fullname': 'μƒλ²½', 'biograghy': 'graphic designer / jw', 'profilepic_url': 'https://scontent-ssn1-1.cdninstagram.com/v/t51.2885-19/s320x320/83952799_183894236029079_6656546383576694784_n.jpg?_nc_ht=scontent-ssn1-1.cdninstagram.com&_nc_ohc=oiKdOKqvcwUAX-nBiDX&oh=2afd70d26cbb94489ffad346db86bcce&oe=5F53C574', 'external_url': None, 'number_published': 72, 'number_followers': 556, 'is_private': True, 'is_verified': False}
updating insta user data ..
{'id_number': '10868601732', 'username': 'physical_gallery_egg', 'fullname': 'κΉ€κ³„λ€', 'biograghy': 'DMμ€ ν™•μΈν•μ§€ μ•μµλ‹λ‹¤ π­\nλΉ΅ν…μ… κµ¬λ§¤λ§ν¬', 'profilepic_url': 'https://scontent-ssn1-1.cdninstagram.com/v/t51.2885-19/s320x320/61544151_315648272723002_3430657977252577280_n.jpg?_nc_ht=scontent-ssn1-1.cdninstagram.com&_nc_ohc=OlrD8xjeUeYAX-gkb4P&oh=4b9b3573a436de49cf74637ff03c7380&oe=5F5355D9', 'external_url': 'http://bbak.kr/', 'number_published': 339, 'number_followers': 280330, 'is_private': False, 'is_verified': False}
updating insta user data ..
{'id_number': '196378455', 'username': 'xxxibgdrgn', 'fullname': 'α„€α…―α†«α„α…µα„‹α…­α†Ό(ζ¬εΏ—ιΎ)', 'biograghy': '', 'profilepic_url': 'https://scontent-ssn1-1.cdninstagram.com/v/t51.2885-19/s320x320/18950263_324780477958081_3378561527190650880_a.jpg?_nc_ht=scontent-ssn1-1.cdninstagram.com&_nc_ohc=U-DuvYn24ZkAX8qgY6G&oh=8680b7bfb2d110fd34033061bf32f3c2&oe=5F53AB33', 'external_url': None, 'number_published': 2529, 'number_followers': 18472564, 'is_private': False, 'is_verified': True}
updating !! ..
updating insta user data ..
{'id_number': '1771655914', 'username': 'udtbro', 'fullname': 'YouTube α„†α…µα„‰α…§α†«α„‘α…΅α„‰α…¥α„‡α…³α†―π”±', 'biograghy': 'AGENT H.', 'profilepic_url': 'https://scontent-ssn1-1.cdninstagram.com/v/t51.2885-19/s320x320/115911779_214291669897138_1604702932003545089_n.jpg?_nc_ht=scontent-ssn1-1.cdninstagram.com&_nc_ohc=nmoCbmnBBLEAX_V12T4&oh=8d9adb2450176f10f95ad2f697d4b590&oe=5F52727A', 'external_url': 'http://missionpossible.kr/', 'number_published': 40, 'number_followers': 130608, 'is_private': False, 'is_verified': False}
updating insta user data ..
{'id_number': '1441128302', 'username': 'art2ist', 'fullname': 'μƒλ²½', 'biograghy': 'graphic designer / jw', 'profilepic_url': 'https://scontent-ssn1-1.cdninstagram.com/v/t51.2885-19/s320x320/83952799_183894236029079_6656546383576694784_n.jpg?_nc_ht=scontent-ssn1-1.cdninstagram.com&_nc_ohc=oiKdOKqvcwUAX-nBiDX&oh=2afd70d26cbb94489ffad346db86bcce&oe=5F53C574', 'external_url': None, 'number_published': 72, 'number_followers': 556, 'is_private': True, 'is_verified': False}
updating insta user data ..
{'id_number': '10868601732', 'username': 'physical_gallery_egg', 'fullname': 'κΉ€κ³„λ€', 'biograghy': 'DMμ€ ν™•μΈν•μ§€ μ•μµλ‹λ‹¤ π­\nλΉ΅ν…μ… κµ¬λ§¤λ§ν¬', 'profilepic_url': 'https://scontent-ssn1-1.cdninstagram.com/v/t51.2885-19/s320x320/61544151_315648272723002_3430657977252577280_n.jpg?_nc_ht=scontent-ssn1-1.cdninstagram.com&_nc_ohc=OlrD8xjeUeYAX-gkb4P&oh=4b9b3573a436de49cf74637ff03c7380&oe=5F5355D9', 'external_url': 'http://bbak.kr/', 'number_published': 339, 'number_followers': 280331, 'is_private': False, 'is_verified': False}
updating insta user data ..
{'id_number': '196378455', 'username': 'xxxibgdrgn', 'fullname': 'α„€α…―α†«α„α…µα„‹α…­α†Ό(ζ¬εΏ—ιΎ)', 'biograghy': '', 'profilepic_url': 'https://scontent-ssn1-1.cdninstagram.com/v/t51.2885-19/s320x320/18950263_324780477958081_3378561527190650880_a.jpg?_nc_ht=scontent-ssn1-1.cdninstagram.com&_nc_ohc=U-DuvYn24ZkAX8qgY6G&oh=8680b7bfb2d110fd34033061bf32f3c2&oe=5F53AB33', 'external_url': None, 'number_published': 2529, 'number_followers': 18472567, 'is_private': False, 'is_verified': True}
updating !! ..
updating insta user data ..
{'id_number': '1771655914', 'username': 'udtbro', 'fullname': 'YouTube α„†α…µα„‰α…§α†«α„‘α…΅α„‰α…¥α„‡α…³α†―π”±', 'biograghy': 'AGENT H.', 'profilepic_url': 'https://scontent-ssn1-1.cdninstagram.com/v/t51.2885-19/s320x320/115911779_214291669897138_1604702932003545089_n.jpg?_nc_ht=scontent-ssn1-1.cdninstagram.com&_nc_ohc=nmoCbmnBBLEAX_V12T4&oh=8d9adb2450176f10f95ad2f697d4b590&oe=5F52727A', 'external_url': 'http://missionpossible.kr/', 'number_published': 40, 'number_followers': 130608, 'is_private': False, 'is_verified': False}
updating insta user data ..
{'id_number': '1441128302', 'username': 'art2ist', 'fullname': 'μƒλ²½', 'biograghy': 'graphic designer / jw', 'profilepic_url': 'https://scontent-ssn1-1.cdninstagram.com/v/t51.2885-19/s320x320/83952799_183894236029079_6656546383576694784_n.jpg?_nc_ht=scontent-ssn1-1.cdninstagram.com&_nc_ohc=oiKdOKqvcwUAX-nBiDX&oh=2afd70d26cbb94489ffad346db86bcce&oe=5F53C574', 'external_url': None, 'number_published': 72, 'number_followers': 556, 'is_private': True, 'is_verified': False}
updating insta user data ..
{'id_number': '10868601732', 'username': 'physical_gallery_egg', 'fullname': 'κΉ€κ³„λ€', 'biograghy': 'DMμ€ ν™•μΈν•μ§€ μ•μµλ‹λ‹¤ π­\nλΉ΅ν…μ… κµ¬λ§¤λ§ν¬', 'profilepic_url': 'https://scontent-ssn1-1.cdninstagram.com/v/t51.2885-19/s320x320/61544151_315648272723002_3430657977252577280_n.jpg?_nc_ht=scontent-ssn1-1.cdninstagram.com&_nc_ohc=OlrD8xjeUeYAX-gkb4P&oh=4b9b3573a436de49cf74637ff03c7380&oe=5F5355D9', 'external_url': 'http://bbak.kr/', 'number_published': 339, 'number_followers': 280331, 'is_private': False, 'is_verified': False}
updating insta user data ..
{'id_number': '196378455', 'username': 'xxxibgdrgn', 'fullname': 'α„€α…―α†«α„α…µα„‹α…­α†Ό(ζ¬εΏ—ιΎ)', 'biograghy': '', 'profilepic_url': 'https://scontent-ssn1-1.cdninstagram.com/v/t51.2885-19/s320x320/18950263_324780477958081_3378561527190650880_a.jpg?_nc_ht=scontent-ssn1-1.cdninstagram.com&_nc_ohc=U-DuvYn24ZkAX8qgY6G&oh=8680b7bfb2d110fd34033061bf32f3c2&oe=5F53AB33', 'external_url': None, 'number_published': 2529, 'number_followers': 18472574, 'is_private': False, 'is_verified': True}
updating !! ..
updating insta user data ..
{'id_number': '1771655914', 'username': 'udtbro', 'fullname': 'YouTube α„†α…µα„‰α…§α†«α„‘α…΅α„‰α…¥α„‡α…³α†―π”±', 'biograghy': 'AGENT H.', 'profilepic_url': 'https://scontent-ssn1-1.cdninstagram.com/v/t51.2885-19/s320x320/115911779_214291669897138_1604702932003545089_n.jpg?_nc_ht=scontent-ssn1-1.cdninstagram.com&_nc_ohc=nmoCbmnBBLEAX_V12T4&oh=8d9adb2450176f10f95ad2f697d4b590&oe=5F52727A', 'external_url': 'http://missionpossible.kr/', 'number_published': 40, 'number_followers': 130607, 'is_private': False, 'is_verified': False}
updating insta user data ..
{'id_number': '1441128302', 'username': 'art2ist', 'fullname': 'μƒλ²½', 'biograghy': 'graphic designer / jw', 'profilepic_url': 'https://scontent-ssn1-1.cdninstagram.com/v/t51.2885-19/s320x320/83952799_183894236029079_6656546383576694784_n.jpg?_nc_ht=scontent-ssn1-1.cdninstagram.com&_nc_ohc=oiKdOKqvcwUAX-nBiDX&oh=2afd70d26cbb94489ffad346db86bcce&oe=5F53C574', 'external_url': None, 'number_published': 72, 'number_followers': 556, 'is_private': True, 'is_verified': False}
updating insta user data ..
{'id_number': '10868601732', 'username': 'physical_gallery_egg', 'fullname': 'κΉ€κ³„λ€', 'biograghy': 'DMμ€ ν™•μΈν•μ§€ μ•μµλ‹λ‹¤ π­\nλΉ΅ν…μ… κµ¬λ§¤λ§ν¬', 'profilepic_url': 'https://scontent-ssn1-1.cdninstagram.com/v/t51.2885-19/s320x320/61544151_315648272723002_3430657977252577280_n.jpg?_nc_ht=scontent-ssn1-1.cdninstagram.com&_nc_ohc=OlrD8xjeUeYAX-gkb4P&oh=4b9b3573a436de49cf74637ff03c7380&oe=5F5355D9', 'external_url': 'http://bbak.kr/', 'number_published': 339, 'number_followers': 280331, 'is_private': False, 'is_verified': False}
updating insta user data ..
{'id_number': '196378455', 'username': 'xxxibgdrgn', 'fullname': 'α„€α…―α†«α„α…µα„‹α…­α†Ό(ζ¬εΏ—ιΎ)', 'biograghy': '', 'profilepic_url': 'https://scontent-ssn1-1.cdninstagram.com/v/t51.2885-19/s320x320/18950263_324780477958081_3378561527190650880_a.jpg?_nc_ht=scontent-ssn1-1.cdninstagram.com&_nc_ohc=U-DuvYn24ZkAX8qgY6G&oh=8680b7bfb2d110fd34033061bf32f3c2&oe=5F53AB33', 'external_url': None, 'number_published': 2529, 'number_followers': 18472569, 'is_private': False, 'is_verified': True}
updating !! ..
updating insta user data ..
{'id_number': '1771655914', 'username': 'udtbro', 'fullname': 'YouTube α„†α…µα„‰α…§α†«α„‘α…΅α„‰α…¥α„‡α…³α†―π”±', 'biograghy': 'AGENT H.', 'profilepic_url': 'https://scontent-ssn1-1.cdninstagram.com/v/t51.2885-19/s320x320/115911779_214291669897138_1604702932003545089_n.jpg?_nc_ht=scontent-ssn1-1.cdninstagram.com&_nc_ohc=nmoCbmnBBLEAX_V12T4&oh=8d9adb2450176f10f95ad2f697d4b590&oe=5F52727A', 'external_url': 'http://missionpossible.kr/', 'number_published': 40, 'number_followers': 130608, 'is_private': False, 'is_verified': False}
updating insta user data ..
{'id_number': '1441128302', 'username': 'art2ist', 'fullname': 'μƒλ²½', 'biograghy': 'graphic designer / jw', 'profilepic_url': 'https://scontent-ssn1-1.cdninstagram.com/v/t51.2885-19/s320x320/83952799_183894236029079_6656546383576694784_n.jpg?_nc_ht=scontent-ssn1-1.cdninstagram.com&_nc_ohc=oiKdOKqvcwUAX-nBiDX&oh=2afd70d26cbb94489ffad346db86bcce&oe=5F53C574', 'external_url': None, 'number_published': 72, 'number_followers': 556, 'is_private': True, 'is_verified': False}
updating insta user data ..
{'id_number': '10868601732', 'username': 'physical_gallery_egg', 'fullname': 'κΉ€κ³„λ€', 'biograghy': 'DMμ€ ν™•μΈν•μ§€ μ•μµλ‹λ‹¤ π­\nλΉ΅ν…μ… κµ¬λ§¤λ§ν¬', 'profilepic_url': 'https://scontent-ssn1-1.cdninstagram.com/v/t51.2885-19/s320x320/61544151_315648272723002_3430657977252577280_n.jpg?_nc_ht=scontent-ssn1-1.cdninstagram.com&_nc_ohc=OlrD8xjeUeYAX-gkb4P&oh=4b9b3573a436de49cf74637ff03c7380&oe=5F5355D9', 'external_url': 'http://bbak.kr/', 'number_published': 339, 'number_followers': 280331, 'is_private': False, 'is_verified': False}
updating insta user data ..
{'id_number': '196378455', 'username': 'xxxibgdrgn', 'fullname': 'α„€α…―α†«α„α…µα„‹α…­α†Ό(ζ¬εΏ—ιΎ)', 'biograghy': '', 'profilepic_url': 'https://scontent-ssn1-1.cdninstagram.com/v/t51.2885-19/s320x320/18950263_324780477958081_3378561527190650880_a.jpg?_nc_ht=scontent-ssn1-1.cdninstagram.com&_nc_ohc=U-DuvYn24ZkAX8qgY6G&oh=8680b7bfb2d110fd34033061bf32f3c2&oe=5F53AB33', 'external_url': None, 'number_published': 2529, 'number_followers': 18472561, 'is_private': False, 'is_verified': True}
updating !! ..
updating insta user data ..
{'id_number': '1771655914', 'username': 'udtbro', 'fullname': 'YouTube α„†α…µα„‰α…§α†«α„‘α…΅α„‰α…¥α„‡α…³α†―π”±', 'biograghy': 'AGENT H.', 'profilepic_url': 'https://scontent-ssn1-1.cdninstagram.com/v/t51.2885-19/s320x320/115911779_214291669897138_1604702932003545089_n.jpg?_nc_ht=scontent-ssn1-1.cdninstagram.com&_nc_ohc=nmoCbmnBBLEAX_V12T4&oh=8d9adb2450176f10f95ad2f697d4b590&oe=5F52727A', 'external_url': 'http://missionpossible.kr/', 'number_published': 40, 'number_followers': 130608, 'is_private': False, 'is_verified': False}
updating insta user data ..
{'id_number': '1441128302', 'username': 'art2ist', 'fullname': 'μƒλ²½', 'biograghy': 'graphic designer / jw', 'profilepic_url': 'https://scontent-ssn1-1.cdninstagram.com/v/t51.2885-19/s320x320/83952799_183894236029079_6656546383576694784_n.jpg?_nc_ht=scontent-ssn1-1.cdninstagram.com&_nc_ohc=oiKdOKqvcwUAX-nBiDX&oh=2afd70d26cbb94489ffad346db86bcce&oe=5F53C574', 'external_url': None, 'number_published': 72, 'number_followers': 556, 'is_private': True, 'is_verified': False}
updating insta user data ..
{'id_number': '10868601732', 'username': 'physical_gallery_egg', 'fullname': 'κΉ€κ³„λ€', 'biograghy': 'DMμ€ ν™•μΈν•μ§€ μ•μµλ‹λ‹¤ π­\nλΉ΅ν…μ… κµ¬λ§¤λ§ν¬', 'profilepic_url': 'https://scontent-ssn1-1.cdninstagram.com/v/t51.2885-19/s320x320/61544151_315648272723002_3430657977252577280_n.jpg?_nc_ht=scontent-ssn1-1.cdninstagram.com&_nc_ohc=OlrD8xjeUeYAX-gkb4P&oh=4b9b3573a436de49cf74637ff03c7380&oe=5F5355D9', 'external_url': 'http://bbak.kr/', 'number_published': 339, 'number_followers': 280332, 'is_private': False, 'is_verified': False}
updating insta user data ..
{'id_number': '196378455', 'username': 'xxxibgdrgn', 'fullname': 'α„€α…―α†«α„α…µα„‹α…­α†Ό(ζ¬εΏ—ιΎ)', 'biograghy': '', 'profilepic_url': 'https://scontent-ssn1-1.cdninstagram.com/v/t51.2885-19/s320x320/18950263_324780477958081_3378561527190650880_a.jpg?_nc_ht=scontent-ssn1-1.cdninstagram.com&_nc_ohc=U-DuvYn24ZkAX8qgY6G&oh=8680b7bfb2d110fd34033061bf32f3c2&oe=5F53AB33', 'external_url': None, 'number_published': 2529, 'number_followers': 18472558, 'is_private': False, 'is_verified': True}
updating !! ..
updating insta user data ..
{'id_number': '1771655914', 'username': 'udtbro', 'fullname': 'YouTube α„†α…µα„‰α…§α†«α„‘α…΅α„‰α…¥α„‡α…³α†―π”±', 'biograghy': 'AGENT H.', 'profilepic_url': 'https://scontent-ssn1-1.cdninstagram.com/v/t51.2885-19/s320x320/115911779_214291669897138_1604702932003545089_n.jpg?_nc_ht=scontent-ssn1-1.cdninstagram.com&_nc_ohc=nmoCbmnBBLEAX_V12T4&oh=8d9adb2450176f10f95ad2f697d4b590&oe=5F52727A', 'external_url': 'http://missionpossible.kr/', 'number_published': 40, 'number_followers': 130608, 'is_private': False, 'is_verified': False}
updating insta user data ..
{'id_number': '1441128302', 'username': 'art2ist', 'fullname': 'μƒλ²½', 'biograghy': 'graphic designer / jw', 'profilepic_url': 'https://scontent-ssn1-1.cdninstagram.com/v/t51.2885-19/s320x320/83952799_183894236029079_6656546383576694784_n.jpg?_nc_ht=scontent-ssn1-1.cdninstagram.com&_nc_ohc=oiKdOKqvcwUAX-nBiDX&oh=2afd70d26cbb94489ffad346db86bcce&oe=5F53C574', 'external_url': None, 'number_published': 72, 'number_followers': 556, 'is_private': True, 'is_verified': False}
updating insta user data ..
{'id_number': '10868601732', 'username': 'physical_gallery_egg', 'fullname': 'κΉ€κ³„λ€', 'biograghy': 'DMμ€ ν™•μΈν•μ§€ μ•μµλ‹λ‹¤ π­\nλΉ΅ν…μ… κµ¬λ§¤λ§ν¬', 'profilepic_url': 'https://scontent-ssn1-1.cdninstagram.com/v/t51.2885-19/s320x320/61544151_315648272723002_3430657977252577280_n.jpg?_nc_ht=scontent-ssn1-1.cdninstagram.com&_nc_ohc=OlrD8xjeUeYAX-gkb4P&oh=4b9b3573a436de49cf74637ff03c7380&oe=5F5355D9', 'external_url': 'http://bbak.kr/', 'number_published': 339, 'number_followers': 280332, 'is_private': False, 'is_verified': False}
updating insta user data ..
{'id_number': '196378455', 'username': 'xxxibgdrgn', 'fullname': 'α„€α…―α†«α„α…µα„‹α…­α†Ό(ζ¬εΏ—ιΎ)', 'biograghy': '', 'profilepic_url': 'https://scontent-ssn1-1.cdninstagram.com/v/t51.2885-19/s320x320/18950263_324780477958081_3378561527190650880_a.jpg?_nc_ht=scontent-ssn1-1.cdninstagram.com&_nc_ohc=U-DuvYn24ZkAX8qgY6G&oh=8680b7bfb2d110fd34033061bf32f3c2&oe=5F53AB33', 'external_url': None, 'number_published': 2529, 'number_followers': 18472558, 'is_private': False, 'is_verified': True}
updating !! ..
updating insta user data ..
{'id_number': '1771655914', 'username': 'udtbro', 'fullname': 'YouTube α„†α…µα„‰α…§α†«α„‘α…΅α„‰α…¥α„‡α…³α†―π”±', 'biograghy': 'AGENT H.', 'profilepic_url': 'https://scontent-ssn1-1.cdninstagram.com/v/t51.2885-19/s320x320/115911779_214291669897138_1604702932003545089_n.jpg?_nc_ht=scontent-ssn1-1.cdninstagram.com&_nc_ohc=nmoCbmnBBLEAX_V12T4&oh=8d9adb2450176f10f95ad2f697d4b590&oe=5F52727A', 'external_url': 'http://missionpossible.kr/', 'number_published': 40, 'number_followers': 130608, 'is_private': False, 'is_verified': False}
updating insta user data ..
{'id_number': '1441128302', 'username': 'art2ist', 'fullname': 'μƒλ²½', 'biograghy': 'graphic designer / jw', 'profilepic_url': 'https://scontent-ssn1-1.cdninstagram.com/v/t51.2885-19/s320x320/83952799_183894236029079_6656546383576694784_n.jpg?_nc_ht=scontent-ssn1-1.cdninstagram.com&_nc_ohc=oiKdOKqvcwUAX-nBiDX&oh=2afd70d26cbb94489ffad346db86bcce&oe=5F53C574', 'external_url': None, 'number_published': 72, 'number_followers': 556, 'is_private': True, 'is_verified': False}
updating insta user data ..
{'id_number': '10868601732', 'username': 'physical_gallery_egg', 'fullname': 'κΉ€κ³„λ€', 'biograghy': 'DMμ€ ν™•μΈν•μ§€ μ•μµλ‹λ‹¤ π­\nλΉ΅ν…μ… κµ¬λ§¤λ§ν¬', 'profilepic_url': 'https://scontent-ssn1-1.cdninstagram.com/v/t51.2885-19/s320x320/61544151_315648272723002_3430657977252577280_n.jpg?_nc_ht=scontent-ssn1-1.cdninstagram.com&_nc_ohc=OlrD8xjeUeYAX-gkb4P&oh=4b9b3573a436de49cf74637ff03c7380&oe=5F5355D9', 'external_url': 'http://bbak.kr/', 'number_published': 339, 'number_followers': 280332, 'is_private': False, 'is_verified': False}
updating insta user data ..
{'id_number': '196378455', 'username': 'xxxibgdrgn', 'fullname': 'α„€α…―α†«α„α…µα„‹α…­α†Ό(ζ¬εΏ—ιΎ)', 'biograghy': '', 'profilepic_url': 'https://scontent-ssn1-1.cdninstagram.com/v/t51.2885-19/s320x320/18950263_324780477958081_3378561527190650880_a.jpg?_nc_ht=scontent-ssn1-1.cdninstagram.com&_nc_ohc=U-DuvYn24ZkAX8qgY6G&oh=8680b7bfb2d110fd34033061bf32f3c2&oe=5F53AB33', 'external_url': None, 'number_published': 2529, 'number_followers': 18472560, 'is_private': False, 'is_verified': True}
updating !! ..
updating insta user data ..
{'id_number': '1771655914', 'username': 'udtbro', 'fullname': 'YouTube α„†α…µα„‰α…§α†«α„‘α…΅α„‰α…¥α„‡α…³α†―π”±', 'biograghy': 'AGENT H.', 'profilepic_url': 'https://scontent-ssn1-1.cdninstagram.com/v/t51.2885-19/s320x320/115911779_214291669897138_1604702932003545089_n.jpg?_nc_ht=scontent-ssn1-1.cdninstagram.com&_nc_ohc=nmoCbmnBBLEAX_V12T4&oh=8d9adb2450176f10f95ad2f697d4b590&oe=5F52727A', 'external_url': 'http://missionpossible.kr/', 'number_published': 40, 'number_followers': 130608, 'is_private': False, 'is_verified': False}
updating insta user data ..
{'id_number': '1441128302', 'username': 'art2ist', 'fullname': 'μƒλ²½', 'biograghy': 'graphic designer / jw', 'profilepic_url': 'https://scontent-ssn1-1.cdninstagram.com/v/t51.2885-19/s320x320/83952799_183894236029079_6656546383576694784_n.jpg?_nc_ht=scontent-ssn1-1.cdninstagram.com&_nc_ohc=oiKdOKqvcwUAX-nBiDX&oh=2afd70d26cbb94489ffad346db86bcce&oe=5F53C574', 'external_url': None, 'number_published': 72, 'number_followers': 556, 'is_private': True, 'is_verified': False}
updating insta user data ..
{'id_number': '10868601732', 'username': 'physical_gallery_egg', 'fullname': 'κΉ€κ³„λ€', 'biograghy': 'DMμ€ ν™•μΈν•μ§€ μ•μµλ‹λ‹¤ π­\nλΉ΅ν…μ… κµ¬λ§¤λ§ν¬', 'profilepic_url': 'https://scontent-ssn1-1.cdninstagram.com/v/t51.2885-19/s320x320/61544151_315648272723002_3430657977252577280_n.jpg?_nc_ht=scontent-ssn1-1.cdninstagram.com&_nc_ohc=OlrD8xjeUeYAX-gkb4P&oh=4b9b3573a436de49cf74637ff03c7380&oe=5F5355D9', 'external_url': 'http://bbak.kr/', 'number_published': 339, 'number_followers': 280333, 'is_private': False, 'is_verified': False}
updating insta user data ..
{'id_number': '196378455', 'username': 'xxxibgdrgn', 'fullname': 'α„€α…―α†«α„α…µα„‹α…­α†Ό(ζ¬εΏ—ιΎ)', 'biograghy': '', 'profilepic_url': 'https://scontent-ssn1-1.cdninstagram.com/v/t51.2885-19/s320x320/18950263_324780477958081_3378561527190650880_a.jpg?_nc_ht=scontent-ssn1-1.cdninstagram.com&_nc_ohc=U-DuvYn24ZkAX8qgY6G&oh=8680b7bfb2d110fd34033061bf32f3c2&oe=5F53AB33', 'external_url': None, 'number_published': 2529, 'number_followers': 18472559, 'is_private': False, 'is_verified': True}
updating !! ..
updating insta user data ..
{'id_number': '1771655914', 'username': 'udtbro', 'fullname': 'YouTube α„†α…µα„‰α…§α†«α„‘α…΅α„‰α…¥α„‡α…³α†―π”±', 'biograghy': 'AGENT H.', 'profilepic_url': 'https://scontent-ssn1-1.cdninstagram.com/v/t51.2885-19/s320x320/115911779_214291669897138_1604702932003545089_n.jpg?_nc_ht=scontent-ssn1-1.cdninstagram.com&_nc_ohc=nmoCbmnBBLEAX_V12T4&oh=8d9adb2450176f10f95ad2f697d4b590&oe=5F52727A', 'external_url': 'http://missionpossible.kr/', 'number_published': 40, 'number_followers': 130608, 'is_private': False, 'is_verified': False}
updating insta user data ..
{'id_number': '1441128302', 'username': 'art2ist', 'fullname': 'μƒλ²½', 'biograghy': 'graphic designer / jw', 'profilepic_url': 'https://scontent-ssn1-1.cdninstagram.com/v/t51.2885-19/s320x320/83952799_183894236029079_6656546383576694784_n.jpg?_nc_ht=scontent-ssn1-1.cdninstagram.com&_nc_ohc=oiKdOKqvcwUAX-nBiDX&oh=2afd70d26cbb94489ffad346db86bcce&oe=5F53C574', 'external_url': None, 'number_published': 72, 'number_followers': 556, 'is_private': True, 'is_verified': False}
updating insta user data ..
{'id_number': '10868601732', 'username': 'physical_gallery_egg', 'fullname': 'κΉ€κ³„λ€', 'biograghy': 'DMμ€ ν™•μΈν•μ§€ μ•μµλ‹λ‹¤ π­\nλΉ΅ν…μ… κµ¬λ§¤λ§ν¬', 'profilepic_url': 'https://scontent-ssn1-1.cdninstagram.com/v/t51.2885-19/s320x320/61544151_315648272723002_3430657977252577280_n.jpg?_nc_ht=scontent-ssn1-1.cdninstagram.com&_nc_ohc=OlrD8xjeUeYAX-gkb4P&oh=4b9b3573a436de49cf74637ff03c7380&oe=5F5355D9', 'external_url': 'http://bbak.kr/', 'number_published': 339, 'number_followers': 280333, 'is_private': False, 'is_verified': False}
updating insta user data ..
{'id_number': '196378455', 'username': 'xxxibgdrgn', 'fullname': 'α„€α…―α†«α„α…µα„‹α…­α†Ό(ζ¬εΏ—ιΎ)', 'biograghy': '', 'profilepic_url': 'https://scontent-ssn1-1.cdninstagram.com/v/t51.2885-19/s320x320/18950263_324780477958081_3378561527190650880_a.jpg?_nc_ht=scontent-ssn1-1.cdninstagram.com&_nc_ohc=U-DuvYn24ZkAX8qgY6G&oh=8680b7bfb2d110fd34033061bf32f3c2&oe=5F53AB33', 'external_url': None, 'number_published': 2529, 'number_followers': 18472560, 'is_private': False, 'is_verified': True}
updating !! ..
updating insta user data ..
{'id_number': '1771655914', 'username': 'udtbro', 'fullname': 'YouTube α„†α…µα„‰α…§α†«α„‘α…΅α„‰α…¥α„‡α…³α†―π”±', 'biograghy': 'AGENT H.', 'profilepic_url': 'https://scontent-ssn1-1.cdninstagram.com/v/t51.2885-19/s320x320/115911779_214291669897138_1604702932003545089_n.jpg?_nc_ht=scontent-ssn1-1.cdninstagram.com&_nc_ohc=nmoCbmnBBLEAX_V12T4&oh=8d9adb2450176f10f95ad2f697d4b590&oe=5F52727A', 'external_url': 'http://missionpossible.kr/', 'number_published': 40, 'number_followers': 130609, 'is_private': False, 'is_verified': False}
updating insta user data ..
{'id_number': '1441128302', 'username': 'art2ist', 'fullname': 'μƒλ²½', 'biograghy': 'graphic designer / jw', 'profilepic_url': 'https://scontent-ssn1-1.cdninstagram.com/v/t51.2885-19/s320x320/83952799_183894236029079_6656546383576694784_n.jpg?_nc_ht=scontent-ssn1-1.cdninstagram.com&_nc_ohc=oiKdOKqvcwUAX-nBiDX&oh=2afd70d26cbb94489ffad346db86bcce&oe=5F53C574', 'external_url': None, 'number_published': 72, 'number_followers': 556, 'is_private': True, 'is_verified': False}
updating insta user data ..
{'id_number': '10868601732', 'username': 'physical_gallery_egg', 'fullname': 'κΉ€κ³„λ€', 'biograghy': 'DMμ€ ν™•μΈν•μ§€ μ•μµλ‹λ‹¤ π­\nλΉ΅ν…μ… κµ¬λ§¤λ§ν¬', 'profilepic_url': 'https://scontent-ssn1-1.cdninstagram.com/v/t51.2885-19/s320x320/61544151_315648272723002_3430657977252577280_n.jpg?_nc_ht=scontent-ssn1-1.cdninstagram.com&_nc_ohc=OlrD8xjeUeYAX-gkb4P&oh=4b9b3573a436de49cf74637ff03c7380&oe=5F5355D9', 'external_url': 'http://bbak.kr/', 'number_published': 339, 'number_followers': 280334, 'is_private': False, 'is_verified': False}
updating insta user data ..
{'id_number': '196378455', 'username': 'xxxibgdrgn', 'fullname': 'α„€α…―α†«α„α…µα„‹α…­α†Ό(ζ¬εΏ—ιΎ)', 'biograghy': '', 'profilepic_url': 'https://scontent-ssn1-1.cdninstagram.com/v/t51.2885-19/s320x320/18950263_324780477958081_3378561527190650880_a.jpg?_nc_ht=scontent-ssn1-1.cdninstagram.com&_nc_ohc=U-DuvYn24ZkAX8qgY6G&oh=8680b7bfb2d110fd34033061bf32f3c2&oe=5F53AB33', 'external_url': None, 'number_published': 2529, 'number_followers': 18472561, 'is_private': False, 'is_verified': True}
updating !! ..
updating insta user data ..
{'id_number': '1771655914', 'username': 'udtbro', 'fullname': 'YouTube α„†α…µα„‰α…§α†«α„‘α…΅α„‰α…¥α„‡α…³α†―π”±', 'biograghy': 'AGENT H.', 'profilepic_url': 'https://scontent-ssn1-1.cdninstagram.com/v/t51.2885-19/s320x320/115911779_214291669897138_1604702932003545089_n.jpg?_nc_ht=scontent-ssn1-1.cdninstagram.com&_nc_ohc=nmoCbmnBBLEAX_V12T4&oh=8d9adb2450176f10f95ad2f697d4b590&oe=5F52727A', 'external_url': 'http://missionpossible.kr/', 'number_published': 40, 'number_followers': 130609, 'is_private': False, 'is_verified': False}
updating insta user data ..
{'id_number': '1441128302', 'username': 'art2ist', 'fullname': 'μƒλ²½', 'biograghy': 'graphic designer / jw', 'profilepic_url': 'https://scontent-ssn1-1.cdninstagram.com/v/t51.2885-19/s320x320/83952799_183894236029079_6656546383576694784_n.jpg?_nc_ht=scontent-ssn1-1.cdninstagram.com&_nc_ohc=oiKdOKqvcwUAX-nBiDX&oh=2afd70d26cbb94489ffad346db86bcce&oe=5F53C574', 'external_url': None, 'number_published': 72, 'number_followers': 556, 'is_private': True, 'is_verified': False}
updating insta user data ..
{'id_number': '10868601732', 'username': 'physical_gallery_egg', 'fullname': 'κΉ€κ³„λ€', 'biograghy': 'DMμ€ ν™•μΈν•μ§€ μ•μµλ‹λ‹¤ π­\nλΉ΅ν…μ… κµ¬λ§¤λ§ν¬', 'profilepic_url': 'https://scontent-ssn1-1.cdninstagram.com/v/t51.2885-19/s320x320/61544151_315648272723002_3430657977252577280_n.jpg?_nc_ht=scontent-ssn1-1.cdninstagram.com&_nc_ohc=OlrD8xjeUeYAX-gkb4P&oh=4b9b3573a436de49cf74637ff03c7380&oe=5F5355D9', 'external_url': 'http://bbak.kr/', 'number_published': 339, 'number_followers': 280335, 'is_private': False, 'is_verified': False}
updating insta user data ..
{'id_number': '196378455', 'username': 'xxxibgdrgn', 'fullname': 'α„€α…―α†«α„α…µα„‹α…­α†Ό(ζ¬εΏ—ιΎ)', 'biograghy': '', 'profilepic_url': 'https://scontent-ssn1-1.cdninstagram.com/v/t51.2885-19/s320x320/18950263_324780477958081_3378561527190650880_a.jpg?_nc_ht=scontent-ssn1-1.cdninstagram.com&_nc_ohc=U-DuvYn24ZkAX8qgY6G&oh=8680b7bfb2d110fd34033061bf32f3c2&oe=5F53AB33', 'external_url': None, 'number_published': 2529, 'number_followers': 18472557, 'is_private': False, 'is_verified': True}
updating !! ..
updating insta user data ..
{'id_number': '1771655914', 'username': 'udtbro', 'fullname': 'YouTube α„†α…µα„‰α…§α†«α„‘α…΅α„‰α…¥α„‡α…³α†―π”±', 'biograghy': 'AGENT H.', 'profilepic_url': 'https://scontent-ssn1-1.cdninstagram.com/v/t51.2885-19/s320x320/115911779_214291669897138_1604702932003545089_n.jpg?_nc_ht=scontent-ssn1-1.cdninstagram.com&_nc_ohc=nmoCbmnBBLEAX_V12T4&oh=8d9adb2450176f10f95ad2f697d4b590&oe=5F52727A', 'external_url': 'http://missionpossible.kr/', 'number_published': 40, 'number_followers': 130610, 'is_private': False, 'is_verified': False}
updating insta user data ..
{'id_number': '1441128302', 'username': 'art2ist', 'fullname': 'μƒλ²½', 'biograghy': 'graphic designer / jw', 'profilepic_url': 'https://scontent-ssn1-1.cdninstagram.com/v/t51.2885-19/s320x320/83952799_183894236029079_6656546383576694784_n.jpg?_nc_ht=scontent-ssn1-1.cdninstagram.com&_nc_ohc=oiKdOKqvcwUAX-nBiDX&oh=2afd70d26cbb94489ffad346db86bcce&oe=5F53C574', 'external_url': None, 'number_published': 72, 'number_followers': 556, 'is_private': True, 'is_verified': False}
updating insta user data ..
{'id_number': '10868601732', 'username': 'physical_gallery_egg', 'fullname': 'κΉ€κ³„λ€', 'biograghy': 'DMμ€ ν™•μΈν•μ§€ μ•μµλ‹λ‹¤ π­\nλΉ΅ν…μ… κµ¬λ§¤λ§ν¬', 'profilepic_url': 'https://scontent-ssn1-1.cdninstagram.com/v/t51.2885-19/s320x320/61544151_315648272723002_3430657977252577280_n.jpg?_nc_ht=scontent-ssn1-1.cdninstagram.com&_nc_ohc=OlrD8xjeUeYAX-gkb4P&oh=4b9b3573a436de49cf74637ff03c7380&oe=5F5355D9', 'external_url': 'http://bbak.kr/', 'number_published': 339, 'number_followers': 280335, 'is_private': False, 'is_verified': False}
updating insta user data ..
{'id_number': '196378455', 'username': 'xxxibgdrgn', 'fullname': 'α„€α…―α†«α„α…µα„‹α…­α†Ό(ζ¬εΏ—ιΎ)', 'biograghy': '', 'profilepic_url': 'https://scontent-ssn1-1.cdninstagram.com/v/t51.2885-19/s320x320/18950263_324780477958081_3378561527190650880_a.jpg?_nc_ht=scontent-ssn1-1.cdninstagram.com&_nc_ohc=U-DuvYn24ZkAX8qgY6G&oh=8680b7bfb2d110fd34033061bf32f3c2&oe=5F53AB33', 'external_url': None, 'number_published': 2529, 'number_followers': 18472558, 'is_private': False, 'is_verified': True}
updating !! ..
updating insta user data ..
{'id_number': '1771655914', 'username': 'udtbro', 'fullname': 'YouTube α„†α…µα„‰α…§α†«α„‘α…΅α„‰α…¥α„‡α…³α†―π”±', 'biograghy': 'AGENT H.', 'profilepic_url': 'https://scontent-ssn1-1.cdninstagram.com/v/t51.2885-19/s320x320/115911779_214291669897138_1604702932003545089_n.jpg?_nc_ht=scontent-ssn1-1.cdninstagram.com&_nc_ohc=nmoCbmnBBLEAX_V12T4&oh=8d9adb2450176f10f95ad2f697d4b590&oe=5F52727A', 'external_url': 'http://missionpossible.kr/', 'number_published': 40, 'number_followers': 130610, 'is_private': False, 'is_verified': False}
updating insta user data ..
{'id_number': '1441128302', 'username': 'art2ist', 'fullname': 'μƒλ²½', 'biograghy': 'graphic designer / jw', 'profilepic_url': 'https://scontent-ssn1-1.cdninstagram.com/v/t51.2885-19/s320x320/83952799_183894236029079_6656546383576694784_n.jpg?_nc_ht=scontent-ssn1-1.cdninstagram.com&_nc_ohc=oiKdOKqvcwUAX-nBiDX&oh=2afd70d26cbb94489ffad346db86bcce&oe=5F53C574', 'external_url': None, 'number_published': 72, 'number_followers': 556, 'is_private': True, 'is_verified': False}
updating insta user data ..
{'id_number': '10868601732', 'username': 'physical_gallery_egg', 'fullname': 'κΉ€κ³„λ€', 'biograghy': 'DMμ€ ν™•μΈν•μ§€ μ•μµλ‹λ‹¤ π­\nλΉ΅ν…μ… κµ¬λ§¤λ§ν¬', 'profilepic_url': 'https://scontent-ssn1-1.cdninstagram.com/v/t51.2885-19/s320x320/61544151_315648272723002_3430657977252577280_n.jpg?_nc_ht=scontent-ssn1-1.cdninstagram.com&_nc_ohc=OlrD8xjeUeYAX-gkb4P&oh=4b9b3573a436de49cf74637ff03c7380&oe=5F5355D9', 'external_url': 'http://bbak.kr/', 'number_published': 339, 'number_followers': 280337, 'is_private': False, 'is_verified': False}
updating insta user data ..
{'id_number': '196378455', 'username': 'xxxibgdrgn', 'fullname': 'α„€α…―α†«α„α…µα„‹α…­α†Ό(ζ¬εΏ—ιΎ)', 'biograghy': '', 'profilepic_url': 'https://scontent-ssn1-1.cdninstagram.com/v/t51.2885-19/s320x320/18950263_324780477958081_3378561527190650880_a.jpg?_nc_ht=scontent-ssn1-1.cdninstagram.com&_nc_ohc=U-DuvYn24ZkAX8qgY6G&oh=8680b7bfb2d110fd34033061bf32f3c2&oe=5F53AB33', 'external_url': None, 'number_published': 2529, 'number_followers': 18472559, 'is_private': False, 'is_verified': True}
updating !! ..
updating insta user data ..
{'id_number': '1771655914', 'username': 'udtbro', 'fullname': 'YouTube α„†α…µα„‰α…§α†«α„‘α…΅α„‰α…¥α„‡α…³α†―π”±', 'biograghy': 'AGENT H.', 'profilepic_url': 'https://scontent-ssn1-1.cdninstagram.com/v/t51.2885-19/s320x320/115911779_214291669897138_1604702932003545089_n.jpg?_nc_ht=scontent-ssn1-1.cdninstagram.com&_nc_ohc=nmoCbmnBBLEAX_V12T4&oh=8d9adb2450176f10f95ad2f697d4b590&oe=5F52727A', 'external_url': 'http://missionpossible.kr/', 'number_published': 40, 'number_followers': 130610, 'is_private': False, 'is_verified': False}
updating insta user data ..
{'id_number': '1441128302', 'username': 'art2ist', 'fullname': 'μƒλ²½', 'biograghy': 'graphic designer / jw', 'profilepic_url': 'https://scontent-ssn1-1.cdninstagram.com/v/t51.2885-19/s320x320/83952799_183894236029079_6656546383576694784_n.jpg?_nc_ht=scontent-ssn1-1.cdninstagram.com&_nc_ohc=oiKdOKqvcwUAX-nBiDX&oh=2afd70d26cbb94489ffad346db86bcce&oe=5F53C574', 'external_url': None, 'number_published': 72, 'number_followers': 556, 'is_private': True, 'is_verified': False}
updating insta user data ..
{'id_number': '10868601732', 'username': 'physical_gallery_egg', 'fullname': 'κΉ€κ³„λ€', 'biograghy': 'DMμ€ ν™•μΈν•μ§€ μ•μµλ‹λ‹¤ π­\nλΉ΅ν…μ… κµ¬λ§¤λ§ν¬', 'profilepic_url': 'https://scontent-ssn1-1.cdninstagram.com/v/t51.2885-19/s320x320/61544151_315648272723002_3430657977252577280_n.jpg?_nc_ht=scontent-ssn1-1.cdninstagram.com&_nc_ohc=OlrD8xjeUeYAX-gkb4P&oh=4b9b3573a436de49cf74637ff03c7380&oe=5F5355D9', 'external_url': 'http://bbak.kr/', 'number_published': 339, 'number_followers': 280337, 'is_private': False, 'is_verified': False}
updating insta user data ..
{'id_number': '196378455', 'username': 'xxxibgdrgn', 'fullname': 'α„€α…―α†«α„α…µα„‹α…­α†Ό(ζ¬εΏ—ιΎ)', 'biograghy': '', 'profilepic_url': 'https://scontent-ssn1-1.cdninstagram.com/v/t51.2885-19/s320x320/18950263_324780477958081_3378561527190650880_a.jpg?_nc_ht=scontent-ssn1-1.cdninstagram.com&_nc_ohc=U-DuvYn24ZkAX8qgY6G&oh=8680b7bfb2d110fd34033061bf32f3c2&oe=5F53AB33', 'external_url': None, 'number_published': 2529, 'number_followers': 18472558, 'is_private': False, 'is_verified': True}
updating !! ..
updating insta user data ..
{'id_number': '1771655914', 'username': 'udtbro', 'fullname': 'YouTube α„†α…µα„‰α…§α†«α„‘α…΅α„‰α…¥α„‡α…³α†―π”±', 'biograghy': 'AGENT H.', 'profilepic_url': 'https://scontent-ssn1-1.cdninstagram.com/v/t51.2885-19/s320x320/115911779_214291669897138_1604702932003545089_n.jpg?_nc_ht=scontent-ssn1-1.cdninstagram.com&_nc_ohc=nmoCbmnBBLEAX_V12T4&oh=8d9adb2450176f10f95ad2f697d4b590&oe=5F52727A', 'external_url': 'http://missionpossible.kr/', 'number_published': 40, 'number_followers': 130610, 'is_private': False, 'is_verified': False}
updating insta user data ..
{'id_number': '1441128302', 'username': 'art2ist', 'fullname': 'μƒλ²½', 'biograghy': 'graphic designer / jw', 'profilepic_url': 'https://scontent-ssn1-1.cdninstagram.com/v/t51.2885-19/s320x320/83952799_183894236029079_6656546383576694784_n.jpg?_nc_ht=scontent-ssn1-1.cdninstagram.com&_nc_ohc=oiKdOKqvcwUAX-nBiDX&oh=2afd70d26cbb94489ffad346db86bcce&oe=5F53C574', 'external_url': None, 'number_published': 72, 'number_followers': 556, 'is_private': True, 'is_verified': False}
updating insta user data ..
{'id_number': '10868601732', 'username': 'physical_gallery_egg', 'fullname': 'κΉ€κ³„λ€', 'biograghy': 'DMμ€ ν™•μΈν•μ§€ μ•μµλ‹λ‹¤ π­\nλΉ΅ν…μ… κµ¬λ§¤λ§ν¬', 'profilepic_url': 'https://scontent-ssn1-1.cdninstagram.com/v/t51.2885-19/s320x320/61544151_315648272723002_3430657977252577280_n.jpg?_nc_ht=scontent-ssn1-1.cdninstagram.com&_nc_ohc=OlrD8xjeUeYAX-gkb4P&oh=4b9b3573a436de49cf74637ff03c7380&oe=5F5355D9', 'external_url': 'http://bbak.kr/', 'number_published': 339, 'number_followers': 280336, 'is_private': False, 'is_verified': False}
updating insta user data ..
{'id_number': '196378455', 'username': 'xxxibgdrgn', 'fullname': 'α„€α…―α†«α„α…µα„‹α…­α†Ό(ζ¬εΏ—ιΎ)', 'biograghy': '', 'profilepic_url': 'https://scontent-ssn1-1.cdninstagram.com/v/t51.2885-19/s320x320/18950263_324780477958081_3378561527190650880_a.jpg?_nc_ht=scontent-ssn1-1.cdninstagram.com&_nc_ohc=U-DuvYn24ZkAX8qgY6G&oh=8680b7bfb2d110fd34033061bf32f3c2&oe=5F53AB33', 'external_url': None, 'number_published': 2529, 'number_followers': 18472558, 'is_private': False, 'is_verified': True}
updating !! ..
updating insta user data ..
{'id_number': '1771655914', 'username': 'udtbro', 'fullname': 'YouTube α„†α…µα„‰α…§α†«α„‘α…΅α„‰α…¥α„‡α…³α†―π”±', 'biograghy': 'AGENT H.', 'profilepic_url': 'https://scontent-ssn1-1.cdninstagram.com/v/t51.2885-19/s320x320/115911779_214291669897138_1604702932003545089_n.jpg?_nc_ht=scontent-ssn1-1.cdninstagram.com&_nc_ohc=nmoCbmnBBLEAX_V12T4&oh=8d9adb2450176f10f95ad2f697d4b590&oe=5F52727A', 'external_url': 'http://missionpossible.kr/', 'number_published': 40, 'number_followers': 130611, 'is_private': False, 'is_verified': False}
updating insta user data ..
{'id_number': '1441128302', 'username': 'art2ist', 'fullname': 'μƒλ²½', 'biograghy': 'graphic designer / jw', 'profilepic_url': 'https://scontent-ssn1-1.cdninstagram.com/v/t51.2885-19/s320x320/83952799_183894236029079_6656546383576694784_n.jpg?_nc_ht=scontent-ssn1-1.cdninstagram.com&_nc_ohc=oiKdOKqvcwUAX-nBiDX&oh=2afd70d26cbb94489ffad346db86bcce&oe=5F53C574', 'external_url': None, 'number_published': 72, 'number_followers': 556, 'is_private': True, 'is_verified': False}
updating insta user data ..
{'id_number': '10868601732', 'username': 'physical_gallery_egg', 'fullname': 'κΉ€κ³„λ€', 'biograghy': 'DMμ€ ν™•μΈν•μ§€ μ•μµλ‹λ‹¤ π­\nλΉ΅ν…μ… κµ¬λ§¤λ§ν¬', 'profilepic_url': 'https://scontent-ssn1-1.cdninstagram.com/v/t51.2885-19/s320x320/61544151_315648272723002_3430657977252577280_n.jpg?_nc_ht=scontent-ssn1-1.cdninstagram.com&_nc_ohc=OlrD8xjeUeYAX-gkb4P&oh=4b9b3573a436de49cf74637ff03c7380&oe=5F5355D9', 'external_url': 'http://bbak.kr/', 'number_published': 339, 'number_followers': 280336, 'is_private': False, 'is_verified': False}
updating insta user data ..
{'id_number': '196378455', 'username': 'xxxibgdrgn', 'fullname': 'α„€α…―α†«α„α…µα„‹α…­α†Ό(ζ¬εΏ—ιΎ)', 'biograghy': '', 'profilepic_url': 'https://scontent-ssn1-1.cdninstagram.com/v/t51.2885-19/s320x320/18950263_324780477958081_3378561527190650880_a.jpg?_nc_ht=scontent-ssn1-1.cdninstagram.com&_nc_ohc=U-DuvYn24ZkAX8qgY6G&oh=8680b7bfb2d110fd34033061bf32f3c2&oe=5F53AB33', 'external_url': None, 'number_published': 2529, 'number_followers': 18472562, 'is_private': False, 'is_verified': True}
updating !! ..
updating insta user data ..
{'id_number': '1771655914', 'username': 'udtbro', 'fullname': 'YouTube α„†α…µα„‰α…§α†«α„‘α…΅α„‰α…¥α„‡α…³α†―π”±', 'biograghy': 'AGENT H.', 'profilepic_url': 'https://scontent-ssn1-1.cdninstagram.com/v/t51.2885-19/s320x320/115911779_214291669897138_1604702932003545089_n.jpg?_nc_ht=scontent-ssn1-1.cdninstagram.com&_nc_ohc=nmoCbmnBBLEAX_V12T4&oh=8d9adb2450176f10f95ad2f697d4b590&oe=5F52727A', 'external_url': 'http://missionpossible.kr/', 'number_published': 40, 'number_followers': 130611, 'is_private': False, 'is_verified': False}
updating insta user data ..
{'id_number': '1441128302', 'username': 'art2ist', 'fullname': 'μƒλ²½', 'biograghy': 'graphic designer / jw', 'profilepic_url': 'https://scontent-ssn1-1.cdninstagram.com/v/t51.2885-19/s320x320/83952799_183894236029079_6656546383576694784_n.jpg?_nc_ht=scontent-ssn1-1.cdninstagram.com&_nc_ohc=oiKdOKqvcwUAX-nBiDX&oh=2afd70d26cbb94489ffad346db86bcce&oe=5F53C574', 'external_url': None, 'number_published': 72, 'number_followers': 556, 'is_private': True, 'is_verified': False}
updating insta user data ..
{'id_number': '10868601732', 'username': 'physical_gallery_egg', 'fullname': 'κΉ€κ³„λ€', 'biograghy': 'DMμ€ ν™•μΈν•μ§€ μ•μµλ‹λ‹¤ π­\nλΉ΅ν…μ… κµ¬λ§¤λ§ν¬', 'profilepic_url': 'https://scontent-ssn1-1.cdninstagram.com/v/t51.2885-19/s320x320/61544151_315648272723002_3430657977252577280_n.jpg?_nc_ht=scontent-ssn1-1.cdninstagram.com&_nc_ohc=OlrD8xjeUeYAX-gkb4P&oh=4b9b3573a436de49cf74637ff03c7380&oe=5F5355D9', 'external_url': 'http://bbak.kr/', 'number_published': 339, 'number_followers': 280336, 'is_private': False, 'is_verified': False}
updating insta user data ..
{'id_number': '196378455', 'username': 'xxxibgdrgn', 'fullname': 'α„€α…―α†«α„α…µα„‹α…­α†Ό(ζ¬εΏ—ιΎ)', 'biograghy': '', 'profilepic_url': 'https://scontent-ssn1-1.cdninstagram.com/v/t51.2885-19/s320x320/18950263_324780477958081_3378561527190650880_a.jpg?_nc_ht=scontent-ssn1-1.cdninstagram.com&_nc_ohc=U-DuvYn24ZkAX8qgY6G&oh=8680b7bfb2d110fd34033061bf32f3c2&oe=5F53AB33', 'external_url': None, 'number_published': 2529, 'number_followers': 18472560, 'is_private': False, 'is_verified': True}
updating !! ..
updating insta user data ..
{'id_number': '1771655914', 'username': 'udtbro', 'fullname': 'YouTube α„†α…µα„‰α…§α†«α„‘α…΅α„‰α…¥α„‡α…³α†―π”±', 'biograghy': 'AGENT H.', 'profilepic_url': 'https://scontent-ssn1-1.cdninstagram.com/v/t51.2885-19/s320x320/115911779_214291669897138_1604702932003545089_n.jpg?_nc_ht=scontent-ssn1-1.cdninstagram.com&_nc_ohc=nmoCbmnBBLEAX_V12T4&oh=8d9adb2450176f10f95ad2f697d4b590&oe=5F52727A', 'external_url': 'http://missionpossible.kr/', 'number_published': 40, 'number_followers': 130612, 'is_private': False, 'is_verified': False}
updating insta user data ..
{'id_number': '1441128302', 'username': 'art2ist', 'fullname': 'μƒλ²½', 'biograghy': 'graphic designer / jw', 'profilepic_url': 'https://scontent-ssn1-1.cdninstagram.com/v/t51.2885-19/s320x320/83952799_183894236029079_6656546383576694784_n.jpg?_nc_ht=scontent-ssn1-1.cdninstagram.com&_nc_ohc=oiKdOKqvcwUAX-nBiDX&oh=2afd70d26cbb94489ffad346db86bcce&oe=5F53C574', 'external_url': None, 'number_published': 72, 'number_followers': 556, 'is_private': True, 'is_verified': False}
updating insta user data ..
{'id_number': '10868601732', 'username': 'physical_gallery_egg', 'fullname': 'κΉ€κ³„λ€', 'biograghy': 'DMμ€ ν™•μΈν•μ§€ μ•μµλ‹λ‹¤ π­\nλΉ΅ν…μ… κµ¬λ§¤λ§ν¬', 'profilepic_url': 'https://scontent-ssn1-1.cdninstagram.com/v/t51.2885-19/s320x320/61544151_315648272723002_3430657977252577280_n.jpg?_nc_ht=scontent-ssn1-1.cdninstagram.com&_nc_ohc=OlrD8xjeUeYAX-gkb4P&oh=4b9b3573a436de49cf74637ff03c7380&oe=5F5355D9', 'external_url': 'http://bbak.kr/', 'number_published': 339, 'number_followers': 280336, 'is_private': False, 'is_verified': False}